  [1m[35m (246.7ms)[0m  [1m[35mCREATE DATABASE "bubbleTeaApp_development" ENCODING = 'unicode'[0m
  [1m[35m (62.1ms)[0m  [1m[35mCREATE DATABASE "bubbleTeaApp_test" ENCODING = 'unicode'[0m
  [1m[35m (80.5ms)[0m  [1m[35mCREATE TABLE "schema_migrations" ("version" character varying NOT NULL PRIMARY KEY)[0m
  [1m[35m (8.1ms)[0m  [1m[35mCREATE TABLE "ar_internal_metadata" ("key" character varying NOT NULL PRIMARY KEY, "value" character varying, "created_at" timestamp(6) NOT NULL, "updated_at" timestamp(6) NOT NULL)[0m
  [1m[35m (2.2ms)[0m  [1m[34mSELECT pg_try_advisory_lock(1795168838319887310)[0m
  [1m[35m (0.9ms)[0m  [1m[34mSELECT "schema_migrations"."version" FROM "schema_migrations" ORDER BY "schema_migrations"."version" ASC[0m
Migrating to CreateUsers (20200423234701)
  [1m[35m (4.0ms)[0m  [1m[35mBEGIN[0m
  [1m[35m (9.1ms)[0m  [1m[35mCREATE TABLE "users" ("id" bigserial primary key, "username" character varying, "password_digest" character varying, "created_at" timestamp(6) NOT NULL, "updated_at" timestamp(6) NOT NULL)[0m
  [1m[36mprimary::SchemaMigration Create (1.0ms)[0m  [1m[32mINSERT INTO "schema_migrations" ("version") VALUES ($1) RETURNING "version"[0m  [["version", "20200423234701"]]
  [1m[35m (1.4ms)[0m  [1m[35mCOMMIT[0m
Migrating to CreateOrders (20200423234804)
  [1m[35m (0.3ms)[0m  [1m[35mBEGIN[0m
  [1m[35m (14.9ms)[0m  [1m[35mCREATE TABLE "orders" ("id" bigserial primary key, "user_id" bigint NOT NULL, "created_at" timestamp(6) NOT NULL, "updated_at" timestamp(6) NOT NULL, CONSTRAINT "fk_rails_f868b47f6a"
FOREIGN KEY ("user_id")
  REFERENCES "users" ("id")
)[0m
  [1m[35m (2.0ms)[0m  [1m[35mCREATE  INDEX  "index_orders_on_user_id" ON "orders"  ("user_id")[0m
  [1m[36mprimary::SchemaMigration Create (0.3ms)[0m  [1m[32mINSERT INTO "schema_migrations" ("version") VALUES ($1) RETURNING "version"[0m  [["version", "20200423234804"]]
  [1m[35m (0.5ms)[0m  [1m[35mCOMMIT[0m
Migrating to CreateDrinks (20200423235428)
  [1m[35m (0.2ms)[0m  [1m[35mBEGIN[0m
  [1m[35m (6.7ms)[0m  [1m[35mCREATE TABLE "drinks" ("id" bigserial primary key, "name" character varying, "image" character varying, "price" float, "type" character varying, "created_at" timestamp(6) NOT NULL, "updated_at" timestamp(6) NOT NULL)[0m
  [1m[36mprimary::SchemaMigration Create (0.5ms)[0m  [1m[32mINSERT INTO "schema_migrations" ("version") VALUES ($1) RETURNING "version"[0m  [["version", "20200423235428"]]
  [1m[35m (0.4ms)[0m  [1m[35mCOMMIT[0m
Migrating to CreateDrinkOrders (20200423235708)
  [1m[35m (0.3ms)[0m  [1m[35mBEGIN[0m
  [1m[35m (4.4ms)[0m  [1m[35mCREATE TABLE "drink_orders" ("id" bigserial primary key, "drink_id" bigint NOT NULL, "order_id" bigint NOT NULL, "created_at" timestamp(6) NOT NULL, "updated_at" timestamp(6) NOT NULL, CONSTRAINT "fk_rails_bc715b598f"
FOREIGN KEY ("drink_id")
  REFERENCES "drinks" ("id")
, CONSTRAINT "fk_rails_b9a7c5f9b7"
FOREIGN KEY ("order_id")
  REFERENCES "orders" ("id")
)[0m
  [1m[35m (1.5ms)[0m  [1m[35mCREATE  INDEX  "index_drink_orders_on_drink_id" ON "drink_orders"  ("drink_id")[0m
  [1m[35m (1.4ms)[0m  [1m[35mCREATE  INDEX  "index_drink_orders_on_order_id" ON "drink_orders"  ("order_id")[0m
  [1m[36mprimary::SchemaMigration Create (0.3ms)[0m  [1m[32mINSERT INTO "schema_migrations" ("version") VALUES ($1) RETURNING "version"[0m  [["version", "20200423235708"]]
  [1m[35m (0.4ms)[0m  [1m[35mCOMMIT[0m
  [1m[36mActiveRecord::InternalMetadata Load (0.4ms)[0m  [1m[34mSELECT "ar_internal_metadata".* FROM "ar_internal_metadata" WHERE "ar_internal_metadata"."key" = $1 LIMIT $2[0m  [["key", "environment"], ["LIMIT", 1]]
  [1m[35m (0.1ms)[0m  [1m[35mBEGIN[0m
  [1m[36mActiveRecord::InternalMetadata Create (2.3ms)[0m  [1m[32mINSERT INTO "ar_internal_metadata" ("key", "value", "created_at", "updated_at") VALUES ($1, $2, $3, $4) RETURNING "key"[0m  [["key", "environment"], ["value", "development"], ["created_at", "2020-04-25 14:48:54.987959"], ["updated_at", "2020-04-25 14:48:54.987959"]]
  [1m[35m (0.3ms)[0m  [1m[35mCOMMIT[0m
  [1m[35m (0.2ms)[0m  [1m[34mSELECT pg_advisory_unlock(1795168838319887310)[0m
  [1m[35m (1.2ms)[0m  [1m[34mSELECT "schema_migrations"."version" FROM "schema_migrations" ORDER BY "schema_migrations"."version" ASC[0m
  [1m[35m (0.7ms)[0m  [1m[34mSELECT "schema_migrations"."version" FROM "schema_migrations" ORDER BY "schema_migrations"."version" ASC[0m
  [1m[35m (0.2ms)[0m  [1m[34mSELECT "schema_migrations"."version" FROM "schema_migrations" ORDER BY "schema_migrations"."version" ASC[0m
  [1m[35m (0.2ms)[0m  [1m[34mSELECT "schema_migrations"."version" FROM "schema_migrations" ORDER BY "schema_migrations"."version" ASC[0m
  [1m[35m (0.1ms)[0m  [1m[34mSELECT pg_try_advisory_lock(1795168838319887310)[0m
  [1m[35m (0.2ms)[0m  [1m[34mSELECT "schema_migrations"."version" FROM "schema_migrations" ORDER BY "schema_migrations"."version" ASC[0m
Migrating to CreateDrinkOrders (20200423235708)
  [1m[35m (0.2ms)[0m  [1m[35mBEGIN[0m
  [1m[35m (7.5ms)[0m  [1m[35mDROP TABLE "drink_orders"[0m
  [1m[36mprimary::SchemaMigration Destroy (0.7ms)[0m  [1m[31mDELETE FROM "schema_migrations" WHERE "schema_migrations"."version" = $1[0m  [["version", "20200423235708"]]
  [1m[35m (2.8ms)[0m  [1m[35mCOMMIT[0m
  [1m[35m (0.3ms)[0m  [1m[34mSELECT pg_advisory_unlock(1795168838319887310)[0m
  [1m[35m (0.7ms)[0m  [1m[34mSELECT "schema_migrations"."version" FROM "schema_migrations" ORDER BY "schema_migrations"."version" ASC[0m
  [1m[35m (0.7ms)[0m  [1m[34mSELECT "schema_migrations"."version" FROM "schema_migrations" ORDER BY "schema_migrations"."version" ASC[0m
  [1m[35m (0.2ms)[0m  [1m[34mSELECT "schema_migrations"."version" FROM "schema_migrations" ORDER BY "schema_migrations"."version" ASC[0m
  [1m[35m (0.2ms)[0m  [1m[34mSELECT "schema_migrations"."version" FROM "schema_migrations" ORDER BY "schema_migrations"."version" ASC[0m
  [1m[35m (0.2ms)[0m  [1m[34mSELECT pg_try_advisory_lock(1795168838319887310)[0m
  [1m[35m (0.2ms)[0m  [1m[34mSELECT "schema_migrations"."version" FROM "schema_migrations" ORDER BY "schema_migrations"."version" ASC[0m
Migrating to CreateDrinks (20200423235428)
  [1m[35m (0.2ms)[0m  [1m[35mBEGIN[0m
  [1m[35m (1.8ms)[0m  [1m[35mDROP TABLE "drinks"[0m
  [1m[36mprimary::SchemaMigration Destroy (0.5ms)[0m  [1m[31mDELETE FROM "schema_migrations" WHERE "schema_migrations"."version" = $1[0m  [["version", "20200423235428"]]
  [1m[35m (2.0ms)[0m  [1m[35mCOMMIT[0m
  [1m[35m (0.4ms)[0m  [1m[34mSELECT pg_advisory_unlock(1795168838319887310)[0m
  [1m[35m (0.7ms)[0m  [1m[34mSELECT "schema_migrations"."version" FROM "schema_migrations" ORDER BY "schema_migrations"."version" ASC[0m
  [1m[35m (0.7ms)[0m  [1m[34mSELECT "schema_migrations"."version" FROM "schema_migrations" ORDER BY "schema_migrations"."version" ASC[0m
  [1m[35m (0.2ms)[0m  [1m[34mSELECT "schema_migrations"."version" FROM "schema_migrations" ORDER BY "schema_migrations"."version" ASC[0m
  [1m[35m (0.2ms)[0m  [1m[34mSELECT "schema_migrations"."version" FROM "schema_migrations" ORDER BY "schema_migrations"."version" ASC[0m
  [1m[35m (0.2ms)[0m  [1m[34mSELECT pg_try_advisory_lock(1795168838319887310)[0m
  [1m[35m (0.2ms)[0m  [1m[34mSELECT "schema_migrations"."version" FROM "schema_migrations" ORDER BY "schema_migrations"."version" ASC[0m
Migrating to CreateOrders (20200423234804)
  [1m[35m (0.1ms)[0m  [1m[35mBEGIN[0m
  [1m[35m (2.1ms)[0m  [1m[35mDROP TABLE "orders"[0m
  [1m[36mprimary::SchemaMigration Destroy (0.6ms)[0m  [1m[31mDELETE FROM "schema_migrations" WHERE "schema_migrations"."version" = $1[0m  [["version", "20200423234804"]]
  [1m[35m (1.5ms)[0m  [1m[35mCOMMIT[0m
  [1m[35m (0.4ms)[0m  [1m[34mSELECT pg_advisory_unlock(1795168838319887310)[0m
  [1m[35m (0.7ms)[0m  [1m[34mSELECT "schema_migrations"."version" FROM "schema_migrations" ORDER BY "schema_migrations"."version" ASC[0m
  [1m[35m (0.8ms)[0m  [1m[34mSELECT "schema_migrations"."version" FROM "schema_migrations" ORDER BY "schema_migrations"."version" ASC[0m
  [1m[35m (0.3ms)[0m  [1m[34mSELECT "schema_migrations"."version" FROM "schema_migrations" ORDER BY "schema_migrations"."version" ASC[0m
  [1m[35m (0.3ms)[0m  [1m[34mSELECT "schema_migrations"."version" FROM "schema_migrations" ORDER BY "schema_migrations"."version" ASC[0m
  [1m[35m (0.2ms)[0m  [1m[34mSELECT pg_try_advisory_lock(1795168838319887310)[0m
  [1m[35m (0.2ms)[0m  [1m[34mSELECT "schema_migrations"."version" FROM "schema_migrations" ORDER BY "schema_migrations"."version" ASC[0m
Migrating to CreateUsers (20200423234701)
  [1m[35m (0.1ms)[0m  [1m[35mBEGIN[0m
  [1m[35m (1.8ms)[0m  [1m[35mDROP TABLE "users"[0m
  [1m[36mprimary::SchemaMigration Destroy (0.5ms)[0m  [1m[31mDELETE FROM "schema_migrations" WHERE "schema_migrations"."version" = $1[0m  [["version", "20200423234701"]]
  [1m[35m (2.8ms)[0m  [1m[35mCOMMIT[0m
  [1m[35m (0.3ms)[0m  [1m[34mSELECT pg_advisory_unlock(1795168838319887310)[0m
  [1m[35m (1.0ms)[0m  [1m[34mSELECT "schema_migrations"."version" FROM "schema_migrations" ORDER BY "schema_migrations"."version" ASC[0m
  [1m[35m (0.2ms)[0m  [1m[34mSELECT pg_try_advisory_lock(1795168838319887310)[0m
  [1m[35m (0.7ms)[0m  [1m[34mSELECT "schema_migrations"."version" FROM "schema_migrations" ORDER BY "schema_migrations"."version" ASC[0m
Migrating to CreateUsers (20200423234701)
  [1m[35m (0.1ms)[0m  [1m[35mBEGIN[0m
  [1m[35m (5.4ms)[0m  [1m[35mCREATE TABLE "users" ("id" bigserial primary key, "username" character varying, "password_digest" character varying, "created_at" timestamp(6) NOT NULL, "updated_at" timestamp(6) NOT NULL)[0m
  [1m[36mprimary::SchemaMigration Create (0.4ms)[0m  [1m[32mINSERT INTO "schema_migrations" ("version") VALUES ($1) RETURNING "version"[0m  [["version", "20200423234701"]]
  [1m[35m (0.7ms)[0m  [1m[35mCOMMIT[0m
Migrating to CreateOrders (20200423234804)
  [1m[35m (0.2ms)[0m  [1m[35mBEGIN[0m
  [1m[35m (4.7ms)[0m  [1m[35mCREATE TABLE "orders" ("id" bigserial primary key, "user_id" bigint NOT NULL, "created_at" timestamp(6) NOT NULL, "updated_at" timestamp(6) NOT NULL, CONSTRAINT "fk_rails_f868b47f6a"
FOREIGN KEY ("user_id")
  REFERENCES "users" ("id")
)[0m
  [1m[35m (0.9ms)[0m  [1m[35mCREATE  INDEX  "index_orders_on_user_id" ON "orders"  ("user_id")[0m
  [1m[36mprimary::SchemaMigration Create (0.3ms)[0m  [1m[32mINSERT INTO "schema_migrations" ("version") VALUES ($1) RETURNING "version"[0m  [["version", "20200423234804"]]
  [1m[35m (1.3ms)[0m  [1m[35mCOMMIT[0m
Migrating to CreateDrinks (20200423235428)
  [1m[35m (0.3ms)[0m  [1m[35mBEGIN[0m
  [1m[35m (3.5ms)[0m  [1m[35mCREATE TABLE "drinks" ("id" bigserial primary key, "name" character varying, "image" character varying, "price" float, "type" character varying, "created_at" timestamp(6) NOT NULL, "updated_at" timestamp(6) NOT NULL)[0m
  [1m[36mprimary::SchemaMigration Create (0.9ms)[0m  [1m[32mINSERT INTO "schema_migrations" ("version") VALUES ($1) RETURNING "version"[0m  [["version", "20200423235428"]]
  [1m[35m (0.7ms)[0m  [1m[35mCOMMIT[0m
Migrating to CreateDrinkOrders (20200423235708)
  [1m[35m (0.2ms)[0m  [1m[35mBEGIN[0m
  [1m[35m (5.0ms)[0m  [1m[35mCREATE TABLE "drink_orders" ("id" bigserial primary key, "topping" character varying, "size" character varying, "drink_id" bigint NOT NULL, "order_id" bigint NOT NULL, "created_at" timestamp(6) NOT NULL, "updated_at" timestamp(6) NOT NULL, CONSTRAINT "fk_rails_bc715b598f"
FOREIGN KEY ("drink_id")
  REFERENCES "drinks" ("id")
, CONSTRAINT "fk_rails_b9a7c5f9b7"
FOREIGN KEY ("order_id")
  REFERENCES "orders" ("id")
)[0m
  [1m[35m (1.2ms)[0m  [1m[35mCREATE  INDEX  "index_drink_orders_on_drink_id" ON "drink_orders"  ("drink_id")[0m
  [1m[35m (1.0ms)[0m  [1m[35mCREATE  INDEX  "index_drink_orders_on_order_id" ON "drink_orders"  ("order_id")[0m
  [1m[36mprimary::SchemaMigration Create (0.3ms)[0m  [1m[32mINSERT INTO "schema_migrations" ("version") VALUES ($1) RETURNING "version"[0m  [["version", "20200423235708"]]
  [1m[35m (0.4ms)[0m  [1m[35mCOMMIT[0m
  [1m[36mActiveRecord::InternalMetadata Load (0.4ms)[0m  [1m[34mSELECT "ar_internal_metadata".* FROM "ar_internal_metadata" WHERE "ar_internal_metadata"."key" = $1 LIMIT $2[0m  [["key", "environment"], ["LIMIT", 1]]
  [1m[35m (0.3ms)[0m  [1m[34mSELECT pg_advisory_unlock(1795168838319887310)[0m
  [1m[35m (0.8ms)[0m  [1m[34mSELECT "schema_migrations"."version" FROM "schema_migrations" ORDER BY "schema_migrations"."version" ASC[0m
  [1m[35m (0.7ms)[0m  [1m[34mSELECT "schema_migrations"."version" FROM "schema_migrations" ORDER BY "schema_migrations"."version" ASC[0m
  [1m[35m (0.6ms)[0m  [1m[34mSELECT "schema_migrations"."version" FROM "schema_migrations" ORDER BY "schema_migrations"."version" ASC[0m
  [1m[35m (0.2ms)[0m  [1m[35mBEGIN[0m
  [1m[36mUser Exists? (0.9ms)[0m  [1m[34mSELECT 1 AS one FROM "users" WHERE "users"."username" = $1 LIMIT $2[0m  [["username", "asdf"], ["LIMIT", 1]]
  [1m[36mUser Create (0.6ms)[0m  [1m[32mINSERT INTO "users" ("username", "password_digest", "created_at", "updated_at") VALUES ($1, $2, $3, $4) RETURNING "id"[0m  [["username", "asdf"], ["password_digest", "$2a$12$YU67vJwXedfV73cs03cdtOn9jJv42buyQbzUvWbEiyYsVmNcRKise"], ["created_at", "2020-04-25 15:14:10.134078"], ["updated_at", "2020-04-25 15:14:10.134078"]]
  [1m[35m (1.2ms)[0m  [1m[35mCOMMIT[0m
  [1m[35m (0.7ms)[0m  [1m[34mSELECT "schema_migrations"."version" FROM "schema_migrations" ORDER BY "schema_migrations"."version" ASC[0m
  [1m[35m (0.2ms)[0m  [1m[34mSELECT "schema_migrations"."version" FROM "schema_migrations" ORDER BY "schema_migrations"."version" ASC[0m
  [1m[35m (0.2ms)[0m  [1m[34mSELECT "schema_migrations"."version" FROM "schema_migrations" ORDER BY "schema_migrations"."version" ASC[0m
  [1m[35m (0.2ms)[0m  [1m[34mSELECT pg_try_advisory_lock(1795168838319887310)[0m
  [1m[35m (0.2ms)[0m  [1m[34mSELECT "schema_migrations"."version" FROM "schema_migrations" ORDER BY "schema_migrations"."version" ASC[0m
Migrating to CreateDrinkOrders (20200423235708)
  [1m[35m (0.2ms)[0m  [1m[35mBEGIN[0m
  [1m[35m (4.2ms)[0m  [1m[35mDROP TABLE "drink_orders"[0m
  [1m[36mprimary::SchemaMigration Destroy (0.8ms)[0m  [1m[31mDELETE FROM "schema_migrations" WHERE "schema_migrations"."version" = $1[0m  [["version", "20200423235708"]]
  [1m[35m (2.8ms)[0m  [1m[35mCOMMIT[0m
  [1m[35m (0.3ms)[0m  [1m[34mSELECT pg_advisory_unlock(1795168838319887310)[0m
  [1m[35m (0.7ms)[0m  [1m[34mSELECT "schema_migrations"."version" FROM "schema_migrations" ORDER BY "schema_migrations"."version" ASC[0m
  [1m[35m (0.7ms)[0m  [1m[34mSELECT "schema_migrations"."version" FROM "schema_migrations" ORDER BY "schema_migrations"."version" ASC[0m
  [1m[35m (0.2ms)[0m  [1m[34mSELECT "schema_migrations"."version" FROM "schema_migrations" ORDER BY "schema_migrations"."version" ASC[0m
  [1m[35m (0.2ms)[0m  [1m[34mSELECT "schema_migrations"."version" FROM "schema_migrations" ORDER BY "schema_migrations"."version" ASC[0m
  [1m[35m (0.2ms)[0m  [1m[34mSELECT pg_try_advisory_lock(1795168838319887310)[0m
  [1m[35m (0.3ms)[0m  [1m[34mSELECT "schema_migrations"."version" FROM "schema_migrations" ORDER BY "schema_migrations"."version" ASC[0m
Migrating to CreateDrinks (20200423235428)
  [1m[35m (0.2ms)[0m  [1m[35mBEGIN[0m
  [1m[35m (1.7ms)[0m  [1m[35mDROP TABLE "drinks"[0m
  [1m[36mprimary::SchemaMigration Destroy (0.5ms)[0m  [1m[31mDELETE FROM "schema_migrations" WHERE "schema_migrations"."version" = $1[0m  [["version", "20200423235428"]]
  [1m[35m (2.0ms)[0m  [1m[35mCOMMIT[0m
  [1m[35m (0.2ms)[0m  [1m[34mSELECT pg_advisory_unlock(1795168838319887310)[0m
  [1m[35m (0.7ms)[0m  [1m[34mSELECT "schema_migrations"."version" FROM "schema_migrations" ORDER BY "schema_migrations"."version" ASC[0m
  [1m[35m (0.9ms)[0m  [1m[34mSELECT "schema_migrations"."version" FROM "schema_migrations" ORDER BY "schema_migrations"."version" ASC[0m
  [1m[35m (0.2ms)[0m  [1m[34mSELECT "schema_migrations"."version" FROM "schema_migrations" ORDER BY "schema_migrations"."version" ASC[0m
  [1m[35m (0.2ms)[0m  [1m[34mSELECT "schema_migrations"."version" FROM "schema_migrations" ORDER BY "schema_migrations"."version" ASC[0m
  [1m[35m (0.1ms)[0m  [1m[34mSELECT pg_try_advisory_lock(1795168838319887310)[0m
  [1m[35m (0.2ms)[0m  [1m[34mSELECT "schema_migrations"."version" FROM "schema_migrations" ORDER BY "schema_migrations"."version" ASC[0m
Migrating to CreateOrders (20200423234804)
  [1m[35m (0.1ms)[0m  [1m[35mBEGIN[0m
  [1m[35m (2.2ms)[0m  [1m[35mDROP TABLE "orders"[0m
  [1m[36mprimary::SchemaMigration Destroy (0.6ms)[0m  [1m[31mDELETE FROM "schema_migrations" WHERE "schema_migrations"."version" = $1[0m  [["version", "20200423234804"]]
  [1m[35m (1.8ms)[0m  [1m[35mCOMMIT[0m
  [1m[35m (0.2ms)[0m  [1m[34mSELECT pg_advisory_unlock(1795168838319887310)[0m
  [1m[35m (0.7ms)[0m  [1m[34mSELECT "schema_migrations"."version" FROM "schema_migrations" ORDER BY "schema_migrations"."version" ASC[0m
  [1m[35m (0.7ms)[0m  [1m[34mSELECT "schema_migrations"."version" FROM "schema_migrations" ORDER BY "schema_migrations"."version" ASC[0m
  [1m[35m (0.2ms)[0m  [1m[34mSELECT "schema_migrations"."version" FROM "schema_migrations" ORDER BY "schema_migrations"."version" ASC[0m
  [1m[35m (0.3ms)[0m  [1m[34mSELECT "schema_migrations"."version" FROM "schema_migrations" ORDER BY "schema_migrations"."version" ASC[0m
  [1m[35m (0.1ms)[0m  [1m[34mSELECT pg_try_advisory_lock(1795168838319887310)[0m
  [1m[35m (0.2ms)[0m  [1m[34mSELECT "schema_migrations"."version" FROM "schema_migrations" ORDER BY "schema_migrations"."version" ASC[0m
Migrating to CreateUsers (20200423234701)
  [1m[35m (0.1ms)[0m  [1m[35mBEGIN[0m
  [1m[35m (1.8ms)[0m  [1m[35mDROP TABLE "users"[0m
  [1m[36mprimary::SchemaMigration Destroy (0.5ms)[0m  [1m[31mDELETE FROM "schema_migrations" WHERE "schema_migrations"."version" = $1[0m  [["version", "20200423234701"]]
  [1m[35m (1.7ms)[0m  [1m[35mCOMMIT[0m
  [1m[35m (0.2ms)[0m  [1m[34mSELECT pg_advisory_unlock(1795168838319887310)[0m
  [1m[35m (0.6ms)[0m  [1m[34mSELECT "schema_migrations"."version" FROM "schema_migrations" ORDER BY "schema_migrations"."version" ASC[0m
  [1m[35m (0.1ms)[0m  [1m[34mSELECT pg_try_advisory_lock(1795168838319887310)[0m
  [1m[35m (0.7ms)[0m  [1m[34mSELECT "schema_migrations"."version" FROM "schema_migrations" ORDER BY "schema_migrations"."version" ASC[0m
Migrating to CreateUsers (20200423234701)
  [1m[35m (0.2ms)[0m  [1m[35mBEGIN[0m
  [1m[35m (5.4ms)[0m  [1m[35mCREATE TABLE "users" ("id" bigserial primary key, "username" character varying, "password_digest" character varying, "created_at" timestamp(6) NOT NULL, "updated_at" timestamp(6) NOT NULL)[0m
  [1m[36mprimary::SchemaMigration Create (0.4ms)[0m  [1m[32mINSERT INTO "schema_migrations" ("version") VALUES ($1) RETURNING "version"[0m  [["version", "20200423234701"]]
  [1m[35m (0.5ms)[0m  [1m[35mCOMMIT[0m
Migrating to CreateOrders (20200423234804)
  [1m[35m (0.3ms)[0m  [1m[35mBEGIN[0m
  [1m[35m (3.2ms)[0m  [1m[35mCREATE TABLE "orders" ("id" bigserial primary key, "user_id" bigint NOT NULL, "created_at" timestamp(6) NOT NULL, "updated_at" timestamp(6) NOT NULL, CONSTRAINT "fk_rails_f868b47f6a"
FOREIGN KEY ("user_id")
  REFERENCES "users" ("id")
)[0m
  [1m[35m (0.9ms)[0m  [1m[35mCREATE  INDEX  "index_orders_on_user_id" ON "orders"  ("user_id")[0m
  [1m[36mprimary::SchemaMigration Create (0.3ms)[0m  [1m[32mINSERT INTO "schema_migrations" ("version") VALUES ($1) RETURNING "version"[0m  [["version", "20200423234804"]]
  [1m[35m (0.4ms)[0m  [1m[35mCOMMIT[0m
Migrating to CreateDrinks (20200423235428)
  [1m[35m (0.3ms)[0m  [1m[35mBEGIN[0m
  [1m[35m (4.9ms)[0m  [1m[35mCREATE TABLE "drinks" ("id" bigserial primary key, "name" character varying, "image" character varying, "price" float, "category" character varying, "created_at" timestamp(6) NOT NULL, "updated_at" timestamp(6) NOT NULL)[0m
  [1m[36mprimary::SchemaMigration Create (0.8ms)[0m  [1m[32mINSERT INTO "schema_migrations" ("version") VALUES ($1) RETURNING "version"[0m  [["version", "20200423235428"]]
  [1m[35m (0.4ms)[0m  [1m[35mCOMMIT[0m
Migrating to CreateDrinkOrders (20200423235708)
  [1m[35m (0.2ms)[0m  [1m[35mBEGIN[0m
  [1m[35m (4.7ms)[0m  [1m[35mCREATE TABLE "drink_orders" ("id" bigserial primary key, "topping" character varying, "size" character varying, "drink_id" bigint NOT NULL, "order_id" bigint NOT NULL, "created_at" timestamp(6) NOT NULL, "updated_at" timestamp(6) NOT NULL, CONSTRAINT "fk_rails_bc715b598f"
FOREIGN KEY ("drink_id")
  REFERENCES "drinks" ("id")
, CONSTRAINT "fk_rails_b9a7c5f9b7"
FOREIGN KEY ("order_id")
  REFERENCES "orders" ("id")
)[0m
  [1m[35m (2.1ms)[0m  [1m[35mCREATE  INDEX  "index_drink_orders_on_drink_id" ON "drink_orders"  ("drink_id")[0m
  [1m[35m (1.5ms)[0m  [1m[35mCREATE  INDEX  "index_drink_orders_on_order_id" ON "drink_orders"  ("order_id")[0m
  [1m[36mprimary::SchemaMigration Create (0.3ms)[0m  [1m[32mINSERT INTO "schema_migrations" ("version") VALUES ($1) RETURNING "version"[0m  [["version", "20200423235708"]]
  [1m[35m (0.4ms)[0m  [1m[35mCOMMIT[0m
  [1m[36mActiveRecord::InternalMetadata Load (0.4ms)[0m  [1m[34mSELECT "ar_internal_metadata".* FROM "ar_internal_metadata" WHERE "ar_internal_metadata"."key" = $1 LIMIT $2[0m  [["key", "environment"], ["LIMIT", 1]]
  [1m[35m (0.3ms)[0m  [1m[34mSELECT pg_advisory_unlock(1795168838319887310)[0m
  [1m[35m (0.7ms)[0m  [1m[34mSELECT "schema_migrations"."version" FROM "schema_migrations" ORDER BY "schema_migrations"."version" ASC[0m
  [1m[35m (0.7ms)[0m  [1m[34mSELECT "schema_migrations"."version" FROM "schema_migrations" ORDER BY "schema_migrations"."version" ASC[0m
  [1m[35m (0.2ms)[0m  [1m[35mBEGIN[0m
  [1m[36mUser Exists? (0.9ms)[0m  [1m[34mSELECT 1 AS one FROM "users" WHERE "users"."username" = $1 LIMIT $2[0m  [["username", "asdf"], ["LIMIT", 1]]
  [1m[36mUser Create (0.6ms)[0m  [1m[32mINSERT INTO "users" ("username", "password_digest", "created_at", "updated_at") VALUES ($1, $2, $3, $4) RETURNING "id"[0m  [["username", "asdf"], ["password_digest", "$2a$12$AqYVwPbuBKGeVNXO57.Bv.eAA8T.spkSqSihdRoABcG8iBe6xie3C"], ["created_at", "2020-04-25 15:16:08.820281"], ["updated_at", "2020-04-25 15:16:08.820281"]]
  [1m[35m (0.8ms)[0m  [1m[35mCOMMIT[0m
  [1m[35m (0.1ms)[0m  [1m[35mBEGIN[0m
  [1m[36mDrink Create (0.6ms)[0m  [1m[32mINSERT INTO "drinks" ("name", "image", "price", "category", "created_at", "updated_at") VALUES ($1, $2, $3, $4, $5, $6) RETURNING "id"[0m  [["name", "Taro Milk Tea"], ["image", "https://i.imgur.com/JsUXIzO.png"], ["price", 4.25], ["category", "Milk Tea"], ["created_at", "2020-04-25 15:16:08.833645"], ["updated_at", "2020-04-25 15:16:08.833645"]]
  [1m[35m (0.4ms)[0m  [1m[35mCOMMIT[0m
  [1m[35m (0.1ms)[0m  [1m[35mBEGIN[0m
  [1m[36mDrink Create (0.3ms)[0m  [1m[32mINSERT INTO "drinks" ("name", "image", "price", "category", "created_at", "updated_at") VALUES ($1, $2, $3, $4, $5, $6) RETURNING "id"[0m  [["name", "Coffee Milk Tea"], ["image", "https://i.imgur.com/gczMsDz.png"], ["price", 4.25], ["category", "Milk Tea"], ["created_at", "2020-04-25 15:16:08.837295"], ["updated_at", "2020-04-25 15:16:08.837295"]]
  [1m[35m (0.4ms)[0m  [1m[35mCOMMIT[0m
  [1m[35m (0.1ms)[0m  [1m[35mBEGIN[0m
  [1m[36mDrink Create (0.3ms)[0m  [1m[32mINSERT INTO "drinks" ("name", "image", "price", "category", "created_at", "updated_at") VALUES ($1, $2, $3, $4, $5, $6) RETURNING "id"[0m  [["name", "Red Bean Slush"], ["image", "https://i.imgur.com/aejDGD9.png"], ["price", 4.75], ["category", "Slush"], ["created_at", "2020-04-25 15:16:08.840208"], ["updated_at", "2020-04-25 15:16:08.840208"]]
  [1m[35m (0.4ms)[0m  [1m[35mCOMMIT[0m
  [1m[35m (0.1ms)[0m  [1m[35mBEGIN[0m
  [1m[36mDrink Create (0.3ms)[0m  [1m[32mINSERT INTO "drinks" ("name", "image", "price", "category", "created_at", "updated_at") VALUES ($1, $2, $3, $4, $5, $6) RETURNING "id"[0m  [["name", "Mango Slush"], ["image", "https://i.imgur.com/i1cSU5d.png"], ["price", 4.75], ["category", "Slush"], ["created_at", "2020-04-25 15:16:08.843310"], ["updated_at", "2020-04-25 15:16:08.843310"]]
  [1m[35m (0.3ms)[0m  [1m[35mCOMMIT[0m
  [1m[35m (0.1ms)[0m  [1m[35mBEGIN[0m
  [1m[36mDrink Create (0.3ms)[0m  [1m[32mINSERT INTO "drinks" ("name", "image", "price", "category", "created_at", "updated_at") VALUES ($1, $2, $3, $4, $5, $6) RETURNING "id"[0m  [["name", "Passion Fruit Green Tea"], ["image", "https://i.imgur.com/OyzWyUY.png"], ["price", 4.5], ["category", "Tea"], ["created_at", "2020-04-25 15:16:08.846062"], ["updated_at", "2020-04-25 15:16:08.846062"]]
  [1m[35m (0.4ms)[0m  [1m[35mCOMMIT[0m
  [1m[36mUser Load (0.4ms)[0m  [1m[34mSELECT "users".* FROM "users" ORDER BY "users"."id" ASC LIMIT $1[0m  [["LIMIT", 1]]
  [1m[36mDrink Load (0.9ms)[0m  [1m[34mSELECT "drinks".* FROM "drinks" LIMIT $1[0m  [["LIMIT", 11]]
Started GET "/" for ::1 at 2020-04-29 01:20:24 -0400
  [1m[35m (3.1ms)[0m  [1m[34mSELECT "schema_migrations"."version" FROM "schema_migrations" ORDER BY "schema_migrations"."version" ASC[0m
Processing by Rails::WelcomeController#index as HTML
  Rendering /Users/jinwu/.rvm/gems/ruby-2.6.1/gems/railties-6.0.2.2/lib/rails/templates/rails/welcome/index.html.erb
  Rendered /Users/jinwu/.rvm/gems/ruby-2.6.1/gems/railties-6.0.2.2/lib/rails/templates/rails/welcome/index.html.erb (Duration: 8.9ms | Allocations: 481)
Completed 200 OK in 24ms (Views: 16.5ms | ActiveRecord: 0.0ms | Allocations: 2637)


Started GET "/drinks" for ::1 at 2020-04-29 01:20:28 -0400
Processing by DrinksController#index as HTML
  [1m[36mDrink Load (5.0ms)[0m  [1m[34mSELECT "drinks".* FROM "drinks"[0m
  ↳ app/controllers/drinks_controller.rb:5:in `index'
Completed 200 OK in 33ms (Views: 7.3ms | ActiveRecord: 19.1ms | Allocations: 8014)


Started GET "/users" for ::1 at 2020-04-29 01:20:39 -0400
Processing by UsersController#index as HTML
  [1m[36mUser Load (2.1ms)[0m  [1m[34mSELECT "users".* FROM "users"[0m
  ↳ app/controllers/users_controller.rb:6:in `index'
Completed 200 OK in 16ms (Views: 5.3ms | ActiveRecord: 6.1ms | Allocations: 4966)


Started GET "/persist" for ::1 at 2020-04-29 01:21:10 -0400
Processing by UsersController#persist as */*
Completed 500 Internal Server Error in 13ms (ActiveRecord: 0.0ms | Allocations: 3044)


  
NameError (uninitialized constant ApplicationController::JWT):
  
app/controllers/application_controller.rb:16:in `rescue in decoded_token'
app/controllers/application_controller.rb:14:in `decoded_token'
app/controllers/application_controller.rb:23:in `logged_in_user'
app/controllers/application_controller.rb:30:in `logged_in?'
app/controllers/application_controller.rb:34:in `authorized'
Started GET "/drinks" for ::1 at 2020-04-29 01:22:50 -0400
Processing by DrinksController#index as HTML
  [1m[36mDrink Load (0.3ms)[0m  [1m[34mSELECT "drinks".* FROM "drinks"[0m
  ↳ app/controllers/drinks_controller.rb:5:in `index'
Completed 200 OK in 2ms (Views: 1.7ms | ActiveRecord: 0.3ms | Allocations: 1485)


Started GET "/persist" for ::1 at 2020-04-29 01:23:34 -0400
Processing by UsersController#persist as */*
Completed 500 Internal Server Error in 2ms (ActiveRecord: 0.0ms | Allocations: 3031)


  
NameError (uninitialized constant ApplicationController::JWT):
  
app/controllers/application_controller.rb:16:in `rescue in decoded_token'
app/controllers/application_controller.rb:14:in `decoded_token'
app/controllers/application_controller.rb:23:in `logged_in_user'
app/controllers/application_controller.rb:30:in `logged_in?'
app/controllers/application_controller.rb:34:in `authorized'
Started GET "/persist" for ::1 at 2020-04-29 01:23:37 -0400
Processing by UsersController#persist as */*
Completed 500 Internal Server Error in 3ms (ActiveRecord: 0.0ms | Allocations: 3031)


  
NameError (uninitialized constant ApplicationController::JWT):
  
app/controllers/application_controller.rb:16:in `rescue in decoded_token'
app/controllers/application_controller.rb:14:in `decoded_token'
app/controllers/application_controller.rb:23:in `logged_in_user'
app/controllers/application_controller.rb:30:in `logged_in?'
app/controllers/application_controller.rb:34:in `authorized'
Started GET "/persist" for ::1 at 2020-04-29 01:24:03 -0400
Started GET "/drinks" for ::1 at 2020-04-29 01:24:03 -0400
Processing by UsersController#persist as */*
Completed 500 Internal Server Error in 4ms (ActiveRecord: 0.0ms | Allocations: 3031)


  
NameError (uninitialized constant ApplicationController::JWT):
  
app/controllers/application_controller.rb:16:in `rescue in decoded_token'
app/controllers/application_controller.rb:14:in `decoded_token'
app/controllers/application_controller.rb:23:in `logged_in_user'
app/controllers/application_controller.rb:30:in `logged_in?'
app/controllers/application_controller.rb:34:in `authorized'
Processing by DrinksController#index as */*
  [1m[36mDrink Load (0.9ms)[0m  [1m[34mSELECT "drinks".* FROM "drinks"[0m
  ↳ app/controllers/drinks_controller.rb:5:in `index'
Completed 200 OK in 3ms (Views: 1.9ms | ActiveRecord: 0.9ms | Allocations: 1570)


Started GET "/persist" for ::1 at 2020-04-29 01:24:10 -0400
Started GET "/drinks" for ::1 at 2020-04-29 01:24:10 -0400
Processing by UsersController#persist as */*
Completed 500 Internal Server Error in 2ms (ActiveRecord: 0.0ms | Allocations: 3031)


  
NameError (uninitialized constant ApplicationController::JWT):
  
app/controllers/application_controller.rb:16:in `rescue in decoded_token'
app/controllers/application_controller.rb:14:in `decoded_token'
app/controllers/application_controller.rb:23:in `logged_in_user'
app/controllers/application_controller.rb:30:in `logged_in?'
app/controllers/application_controller.rb:34:in `authorized'
Processing by DrinksController#index as */*
  [1m[36mDrink Load (1.0ms)[0m  [1m[34mSELECT "drinks".* FROM "drinks"[0m
  ↳ app/controllers/drinks_controller.rb:5:in `index'
Completed 200 OK in 3ms (Views: 2.2ms | ActiveRecord: 1.0ms | Allocations: 1532)


Started GET "/persist" for ::1 at 2020-04-29 01:25:28 -0400
Started GET "/drinks" for ::1 at 2020-04-29 01:25:28 -0400
Processing by UsersController#persist as */*
Processing by DrinksController#index as */*
Completed 500 Internal Server Error in 2ms (ActiveRecord: 0.0ms | Allocations: 3031)


  
NameError (uninitialized constant ApplicationController::JWT):
  
app/controllers/application_controller.rb:16:in `rescue in decoded_token'
app/controllers/application_controller.rb:14:in `decoded_token'
app/controllers/application_controller.rb:23:in `logged_in_user'
app/controllers/application_controller.rb:30:in `logged_in?'
app/controllers/application_controller.rb:34:in `authorized'
  [1m[36mDrink Load (0.5ms)[0m  [1m[34mSELECT "drinks".* FROM "drinks"[0m
  ↳ app/controllers/drinks_controller.rb:5:in `index'
Completed 200 OK in 28ms (Views: 27.2ms | ActiveRecord: 0.5ms | Allocations: 31985)


Started GET "/persist" for ::1 at 2020-04-29 01:25:37 -0400
Started GET "/drinks" for ::1 at 2020-04-29 01:25:37 -0400
Processing by UsersController#persist as */*
Processing by DrinksController#index as */*
Completed 500 Internal Server Error in 2ms (ActiveRecord: 0.0ms | Allocations: 3031)


  
NameError (uninitialized constant ApplicationController::JWT):
  
app/controllers/application_controller.rb:16:in `rescue in decoded_token'
app/controllers/application_controller.rb:14:in `decoded_token'
app/controllers/application_controller.rb:23:in `logged_in_user'
app/controllers/application_controller.rb:30:in `logged_in?'
app/controllers/application_controller.rb:34:in `authorized'
  [1m[36mDrink Load (27.0ms)[0m  [1m[34mSELECT "drinks".* FROM "drinks"[0m
  ↳ app/controllers/drinks_controller.rb:5:in `index'
Completed 200 OK in 30ms (Views: 2.4ms | ActiveRecord: 27.0ms | Allocations: 31980)


Started GET "/persist" for ::1 at 2020-04-29 01:25:41 -0400
Started GET "/drinks" for ::1 at 2020-04-29 01:25:41 -0400
Processing by UsersController#persist as */*
Completed 500 Internal Server Error in 2ms (ActiveRecord: 0.0ms | Allocations: 3031)


Processing by DrinksController#index as */*
  
NameError (uninitialized constant ApplicationController::JWT):
  
app/controllers/application_controller.rb:16:in `rescue in decoded_token'
app/controllers/application_controller.rb:14:in `decoded_token'
app/controllers/application_controller.rb:23:in `logged_in_user'
app/controllers/application_controller.rb:30:in `logged_in?'
app/controllers/application_controller.rb:34:in `authorized'
  [1m[36mDrink Load (21.5ms)[0m  [1m[34mSELECT "drinks".* FROM "drinks"[0m
  ↳ app/controllers/drinks_controller.rb:5:in `index'
Completed 200 OK in 23ms (Views: 1.8ms | ActiveRecord: 21.5ms | Allocations: 31509)


Started GET "/persist" for ::1 at 2020-04-29 01:25:55 -0400
Started GET "/drinks" for ::1 at 2020-04-29 01:25:55 -0400
Processing by DrinksController#index as */*
Processing by UsersController#persist as */*
Completed 500 Internal Server Error in 2ms (ActiveRecord: 0.0ms | Allocations: 3031)


  [1m[36mDrink Load (2.6ms)[0m  [1m[34mSELECT "drinks".* FROM "drinks"[0m
  ↳ app/controllers/drinks_controller.rb:5:in `index'
  
NameError (uninitialized constant ApplicationController::JWT):
  
app/controllers/application_controller.rb:16:in `rescue in decoded_token'
app/controllers/application_controller.rb:14:in `decoded_token'
app/controllers/application_controller.rb:23:in `logged_in_user'
app/controllers/application_controller.rb:30:in `logged_in?'
app/controllers/application_controller.rb:34:in `authorized'
Completed 200 OK in 14ms (Views: 11.2ms | ActiveRecord: 2.6ms | Allocations: 5057)


Started GET "/persist" for ::1 at 2020-04-29 01:26:18 -0400
Started GET "/drinks" for ::1 at 2020-04-29 01:26:18 -0400
Processing by DrinksController#index as */*
Processing by UsersController#persist as */*
  [1m[36mDrink Load (0.4ms)[0m  [1m[34mSELECT "drinks".* FROM "drinks"[0m
Completed 500 Internal Server Error in 2ms (ActiveRecord: 0.0ms | Allocations: 3031)


  ↳ app/controllers/drinks_controller.rb:5:in `index'
  
NameError (uninitialized constant ApplicationController::JWT):
  
app/controllers/application_controller.rb:16:in `rescue in decoded_token'
app/controllers/application_controller.rb:14:in `decoded_token'
app/controllers/application_controller.rb:23:in `logged_in_user'
app/controllers/application_controller.rb:30:in `logged_in?'
app/controllers/application_controller.rb:34:in `authorized'
Completed 200 OK in 4ms (Views: 3.9ms | ActiveRecord: 0.4ms | Allocations: 5216)


Started GET "/persist" for ::1 at 2020-04-29 01:26:27 -0400
Started GET "/drinks" for ::1 at 2020-04-29 01:26:27 -0400
Processing by UsersController#persist as */*
Processing by DrinksController#index as */*
Completed 500 Internal Server Error in 2ms (ActiveRecord: 0.0ms | Allocations: 3031)


  
NameError (uninitialized constant ApplicationController::JWT):
  
app/controllers/application_controller.rb:16:in `rescue in decoded_token'
app/controllers/application_controller.rb:14:in `decoded_token'
app/controllers/application_controller.rb:23:in `logged_in_user'
app/controllers/application_controller.rb:30:in `logged_in?'
app/controllers/application_controller.rb:34:in `authorized'
  [1m[36mDrink Load (41.8ms)[0m  [1m[34mSELECT "drinks".* FROM "drinks"[0m
  ↳ app/controllers/drinks_controller.rb:5:in `index'
Completed 200 OK in 46ms (Views: 3.9ms | ActiveRecord: 41.8ms | Allocations: 31983)


Started GET "/persist" for ::1 at 2020-04-29 01:26:29 -0400
Started GET "/drinks" for ::1 at 2020-04-29 01:26:29 -0400
Processing by UsersController#persist as */*
Processing by DrinksController#index as */*
Completed 500 Internal Server Error in 2ms (ActiveRecord: 0.0ms | Allocations: 3031)


  
NameError (uninitialized constant ApplicationController::JWT):
  
app/controllers/application_controller.rb:16:in `rescue in decoded_token'
app/controllers/application_controller.rb:14:in `decoded_token'
app/controllers/application_controller.rb:23:in `logged_in_user'
app/controllers/application_controller.rb:30:in `logged_in?'
app/controllers/application_controller.rb:34:in `authorized'
  [1m[36mDrink Load (0.6ms)[0m  [1m[34mSELECT "drinks".* FROM "drinks"[0m
  ↳ app/controllers/drinks_controller.rb:5:in `index'
Completed 200 OK in 26ms (Views: 25.6ms | ActiveRecord: 0.6ms | Allocations: 31982)


Started GET "/persist" for ::1 at 2020-04-29 01:26:45 -0400
Started GET "/drinks" for ::1 at 2020-04-29 01:26:45 -0400
Processing by UsersController#persist as */*
Completed 500 Internal Server Error in 2ms (ActiveRecord: 0.0ms | Allocations: 3031)


  
NameError (uninitialized constant ApplicationController::JWT):
  
app/controllers/application_controller.rb:16:in `rescue in decoded_token'
app/controllers/application_controller.rb:14:in `decoded_token'
app/controllers/application_controller.rb:23:in `logged_in_user'
app/controllers/application_controller.rb:30:in `logged_in?'
app/controllers/application_controller.rb:34:in `authorized'
Processing by DrinksController#index as */*
  [1m[36mDrink Load (0.9ms)[0m  [1m[34mSELECT "drinks".* FROM "drinks"[0m
  ↳ app/controllers/drinks_controller.rb:5:in `index'
Completed 200 OK in 3ms (Views: 2.2ms | ActiveRecord: 0.9ms | Allocations: 1487)


Started GET "/persist" for ::1 at 2020-04-29 01:26:46 -0400
Started GET "/drinks" for ::1 at 2020-04-29 01:26:46 -0400
Processing by DrinksController#index as */*
Processing by UsersController#persist as */*
Completed 500 Internal Server Error in 2ms (ActiveRecord: 0.0ms | Allocations: 3031)


  
NameError (uninitialized constant ApplicationController::JWT):
  
app/controllers/application_controller.rb:16:in `rescue in decoded_token'
app/controllers/application_controller.rb:14:in `decoded_token'
app/controllers/application_controller.rb:23:in `logged_in_user'
app/controllers/application_controller.rb:30:in `logged_in?'
app/controllers/application_controller.rb:34:in `authorized'
  [1m[36mDrink Load (2.4ms)[0m  [1m[34mSELECT "drinks".* FROM "drinks"[0m
  ↳ app/controllers/drinks_controller.rb:5:in `index'
Completed 200 OK in 35ms (Views: 32.1ms | ActiveRecord: 2.4ms | Allocations: 35062)


Started POST "/login" for ::1 at 2020-04-29 01:27:06 -0400
Processing by UsersController#login as */*
  Parameters: {"username"=>"asdf", "password"=>"[FILTERED]", "user"=>{"username"=>"asdf"}}
  [1m[36mUser Load (1.8ms)[0m  [1m[34mSELECT "users".* FROM "users" WHERE "users"."username" = $1 LIMIT $2[0m  [["username", "asdf"], ["LIMIT", 1]]
  ↳ app/controllers/users_controller.rb:36:in `login'
Completed 500 Internal Server Error in 232ms (ActiveRecord: 2.2ms | Allocations: 3969)


  
NameError (uninitialized constant ApplicationController::JWT):
  
app/controllers/application_controller.rb:4:in `encode_token'
app/controllers/users_controller.rb:39:in `login'
Started POST "/login" for ::1 at 2020-04-29 01:27:14 -0400
Processing by UsersController#login as */*
  Parameters: {"username"=>"asdf", "password"=>"[FILTERED]", "user"=>{"username"=>"asdf"}}
  [1m[36mUser Load (0.3ms)[0m  [1m[34mSELECT "users".* FROM "users" WHERE "users"."username" = $1 LIMIT $2[0m  [["username", "asdf"], ["LIMIT", 1]]
  ↳ app/controllers/users_controller.rb:36:in `login'
Completed 500 Internal Server Error in 206ms (ActiveRecord: 0.3ms | Allocations: 2105)


  
NameError (uninitialized constant ApplicationController::JWT):
  
app/controllers/application_controller.rb:4:in `encode_token'
app/controllers/users_controller.rb:39:in `login'
Started POST "/login" for ::1 at 2020-04-29 01:27:16 -0400
Processing by UsersController#login as */*
  Parameters: {"username"=>"asdf", "password"=>"[FILTERED]", "user"=>{"username"=>"asdf"}}
  [1m[36mUser Load (0.4ms)[0m  [1m[34mSELECT "users".* FROM "users" WHERE "users"."username" = $1 LIMIT $2[0m  [["username", "asdf"], ["LIMIT", 1]]
  ↳ app/controllers/users_controller.rb:36:in `login'
Completed 500 Internal Server Error in 212ms (ActiveRecord: 0.4ms | Allocations: 2090)


  
NameError (uninitialized constant ApplicationController::JWT):
  
app/controllers/application_controller.rb:4:in `encode_token'
app/controllers/users_controller.rb:39:in `login'
Started GET "/persist" for ::1 at 2020-04-29 01:27:24 -0400
Started GET "/drinks" for ::1 at 2020-04-29 01:27:24 -0400
Processing by UsersController#persist as */*
Completed 500 Internal Server Error in 2ms (ActiveRecord: 0.0ms | Allocations: 3033)


  
NameError (uninitialized constant ApplicationController::JWT):
  
app/controllers/application_controller.rb:16:in `rescue in decoded_token'
app/controllers/application_controller.rb:14:in `decoded_token'
app/controllers/application_controller.rb:23:in `logged_in_user'
app/controllers/application_controller.rb:30:in `logged_in?'
app/controllers/application_controller.rb:34:in `authorized'
Processing by DrinksController#index as */*
  [1m[36mDrink Load (1.9ms)[0m  [1m[34mSELECT "drinks".* FROM "drinks"[0m
  ↳ app/controllers/drinks_controller.rb:5:in `index'
Completed 200 OK in 5ms (Views: 3.0ms | ActiveRecord: 1.9ms | Allocations: 1487)


Started POST "/login" for ::1 at 2020-04-29 01:27:27 -0400
Processing by UsersController#login as */*
  Parameters: {"username"=>"asdf", "password"=>"[FILTERED]", "user"=>{"username"=>"asdf"}}
  [1m[36mUser Load (0.4ms)[0m  [1m[34mSELECT "users".* FROM "users" WHERE "users"."username" = $1 LIMIT $2[0m  [["username", "asdf"], ["LIMIT", 1]]
  ↳ app/controllers/users_controller.rb:36:in `login'
Completed 500 Internal Server Error in 208ms (ActiveRecord: 0.7ms | Allocations: 2118)


  
NameError (uninitialized constant ApplicationController::JWT):
  
app/controllers/application_controller.rb:4:in `encode_token'
app/controllers/users_controller.rb:39:in `login'
Started POST "/login" for ::1 at 2020-04-29 01:27:29 -0400
Processing by UsersController#login as */*
  Parameters: {"username"=>"asdf", "password"=>"[FILTERED]", "user"=>{"username"=>"asdf"}}
  [1m[36mUser Load (0.4ms)[0m  [1m[34mSELECT "users".* FROM "users" WHERE "users"."username" = $1 LIMIT $2[0m  [["username", "asdf"], ["LIMIT", 1]]
  ↳ app/controllers/users_controller.rb:36:in `login'
Completed 500 Internal Server Error in 216ms (ActiveRecord: 0.4ms | Allocations: 2091)


  
NameError (uninitialized constant ApplicationController::JWT):
  
app/controllers/application_controller.rb:4:in `encode_token'
app/controllers/users_controller.rb:39:in `login'
Started POST "/login" for ::1 at 2020-04-29 01:27:29 -0400
Processing by UsersController#login as */*
  Parameters: {"username"=>"asdf", "password"=>"[FILTERED]", "user"=>{"username"=>"asdf"}}
  [1m[36mUser Load (0.3ms)[0m  [1m[34mSELECT "users".* FROM "users" WHERE "users"."username" = $1 LIMIT $2[0m  [["username", "asdf"], ["LIMIT", 1]]
  ↳ app/controllers/users_controller.rb:36:in `login'
Completed 500 Internal Server Error in 209ms (ActiveRecord: 0.3ms | Allocations: 2092)


  
NameError (uninitialized constant ApplicationController::JWT):
  
app/controllers/application_controller.rb:4:in `encode_token'
app/controllers/users_controller.rb:39:in `login'
Started POST "/login" for ::1 at 2020-04-29 01:27:29 -0400
Processing by UsersController#login as */*
  Parameters: {"username"=>"asdf", "password"=>"[FILTERED]", "user"=>{"username"=>"asdf"}}
  [1m[36mUser Load (0.3ms)[0m  [1m[34mSELECT "users".* FROM "users" WHERE "users"."username" = $1 LIMIT $2[0m  [["username", "asdf"], ["LIMIT", 1]]
  ↳ app/controllers/users_controller.rb:36:in `login'
Started POST "/login" for ::1 at 2020-04-29 01:27:30 -0400
Started POST "/login" for ::1 at 2020-04-29 01:27:30 -0400
Completed 500 Internal Server Error in 208ms (ActiveRecord: 0.3ms | Allocations: 2399)


  
NameError (uninitialized constant ApplicationController::JWT):
  
app/controllers/application_controller.rb:4:in `encode_token'
app/controllers/users_controller.rb:39:in `login'
Processing by UsersController#login as */*
Processing by UsersController#login as */*
  Parameters: {"username"=>"asdf", "password"=>"[FILTERED]", "user"=>{"username"=>"asdf"}}
  Parameters: {"username"=>"asdf", "password"=>"[FILTERED]", "user"=>{"username"=>"asdf"}}
  [1m[36mUser Load (0.3ms)[0m  [1m[34mSELECT "users".* FROM "users" WHERE "users"."username" = $1 LIMIT $2[0m  [["username", "asdf"], ["LIMIT", 1]]
  ↳ app/controllers/users_controller.rb:36:in `login'
  [1m[36mUser Load (206.0ms)[0m  [1m[34mSELECT "users".* FROM "users" WHERE "users"."username" = $1 LIMIT $2[0m  [["username", "asdf"], ["LIMIT", 1]]
  ↳ app/controllers/users_controller.rb:36:in `login'
Completed 500 Internal Server Error in 414ms (ActiveRecord: 0.3ms | Allocations: 2711)


Completed 500 Internal Server Error in 415ms (ActiveRecord: 206.0ms | Allocations: 4179)


Started POST "/login" for ::1 at 2020-04-29 01:27:30 -0400
  
NameError (uninitialized constant ApplicationController::JWT):
  
app/controllers/application_controller.rb:4:in `encode_token'
app/controllers/users_controller.rb:39:in `login'
Started POST "/login" for ::1 at 2020-04-29 01:27:30 -0400
Started POST "/login" for ::1 at 2020-04-29 01:27:30 -0400
  
NameError (uninitialized constant ApplicationController::JWT):
  
app/controllers/application_controller.rb:4:in `encode_token'
app/controllers/users_controller.rb:39:in `login'
Processing by UsersController#login as */*
Processing by UsersController#login as */*
  Parameters: {"username"=>"asdf", "password"=>"[FILTERED]", "user"=>{"username"=>"asdf"}}
  Parameters: {"username"=>"asdf", "password"=>"[FILTERED]", "user"=>{"username"=>"asdf"}}
  [1m[36mUser Load (0.5ms)[0m  [1m[34mSELECT "users".* FROM "users" WHERE "users"."username" = $1 LIMIT $2[0m  [["username", "asdf"], ["LIMIT", 1]]
  ↳ app/controllers/users_controller.rb:36:in `login'
  [1m[36mUser Load (0.6ms)[0m  [1m[34mSELECT "users".* FROM "users" WHERE "users"."username" = $1 LIMIT $2[0m  [["username", "asdf"], ["LIMIT", 1]]
Completed 500 Internal Server Error in 202ms (ActiveRecord: 0.5ms | Allocations: 2223)


  
NameError (uninitialized constant ApplicationController::JWT):
  
app/controllers/application_controller.rb:4:in `encode_token'
app/controllers/users_controller.rb:39:in `login'
  ↳ app/controllers/users_controller.rb:36:in `login'
Completed 500 Internal Server Error in 422ms (ActiveRecord: 0.6ms | Allocations: 29935)


  
NameError (uninitialized constant ApplicationController::JWT):
  
app/controllers/application_controller.rb:4:in `encode_token'
app/controllers/users_controller.rb:39:in `login'
Processing by UsersController#login as */*
  Parameters: {"username"=>"asdf", "password"=>"[FILTERED]", "user"=>{"username"=>"asdf"}}
  [1m[36mUser Load (0.4ms)[0m  [1m[34mSELECT "users".* FROM "users" WHERE "users"."username" = $1 LIMIT $2[0m  [["username", "asdf"], ["LIMIT", 1]]
  ↳ app/controllers/users_controller.rb:36:in `login'
Completed 500 Internal Server Error in 203ms (ActiveRecord: 0.5ms | Allocations: 2173)


  
NameError (uninitialized constant ApplicationController::JWT):
  
app/controllers/application_controller.rb:4:in `encode_token'
app/controllers/users_controller.rb:39:in `login'
Started GET "/persist" for ::1 at 2020-04-29 01:27:55 -0400
Started GET "/drinks" for ::1 at 2020-04-29 01:27:55 -0400
Processing by DrinksController#index as */*
Processing by UsersController#persist as */*
Completed 500 Internal Server Error in 3ms (ActiveRecord: 0.0ms | Allocations: 3031)


  
NameError (uninitialized constant ApplicationController::JWT):
  
app/controllers/application_controller.rb:16:in `rescue in decoded_token'
app/controllers/application_controller.rb:14:in `decoded_token'
app/controllers/application_controller.rb:23:in `logged_in_user'
app/controllers/application_controller.rb:30:in `logged_in?'
app/controllers/application_controller.rb:34:in `authorized'
  [1m[36mDrink Load (20.5ms)[0m  [1m[34mSELECT "drinks".* FROM "drinks"[0m
  ↳ app/controllers/drinks_controller.rb:5:in `index'
Completed 200 OK in 23ms (Views: 2.5ms | ActiveRecord: 20.5ms | Allocations: 35055)


Started GET "/persist" for ::1 at 2020-04-29 01:28:02 -0400
Started GET "/drinks" for ::1 at 2020-04-29 01:28:02 -0400
Processing by UsersController#persist as */*
Completed 500 Internal Server Error in 2ms (ActiveRecord: 0.0ms | Allocations: 3031)


Processing by DrinksController#index as */*
  
NameError (uninitialized constant ApplicationController::JWT):
  
app/controllers/application_controller.rb:16:in `rescue in decoded_token'
app/controllers/application_controller.rb:14:in `decoded_token'
app/controllers/application_controller.rb:23:in `logged_in_user'
app/controllers/application_controller.rb:30:in `logged_in?'
app/controllers/application_controller.rb:34:in `authorized'
  [1m[36mDrink Load (25.4ms)[0m  [1m[34mSELECT "drinks".* FROM "drinks"[0m
  ↳ app/controllers/drinks_controller.rb:5:in `index'
Completed 200 OK in 28ms (Views: 2.4ms | ActiveRecord: 25.4ms | Allocations: 31516)


Started GET "/persist" for ::1 at 2020-04-29 01:31:46 -0400
Started GET "/drinks" for ::1 at 2020-04-29 01:31:46 -0400
Processing by UsersController#persist as */*
Completed 500 Internal Server Error in 16ms (ActiveRecord: 0.0ms | Allocations: 3031)


Processing by DrinksController#index as */*
  
NameError (uninitialized constant ApplicationController::JWT):
  
app/controllers/application_controller.rb:16:in `rescue in decoded_token'
app/controllers/application_controller.rb:14:in `decoded_token'
app/controllers/application_controller.rb:23:in `logged_in_user'
app/controllers/application_controller.rb:30:in `logged_in?'
app/controllers/application_controller.rb:34:in `authorized'
  [1m[36mDrink Load (29.8ms)[0m  [1m[34mSELECT "drinks".* FROM "drinks"[0m
  ↳ app/controllers/drinks_controller.rb:5:in `index'
Completed 200 OK in 33ms (Views: 2.7ms | ActiveRecord: 29.8ms | Allocations: 31507)


Started GET "/persist" for ::1 at 2020-04-29 01:31:54 -0400
Started GET "/drinks" for ::1 at 2020-04-29 01:31:54 -0400
Processing by UsersController#persist as */*
Processing by DrinksController#index as */*
Completed 500 Internal Server Error in 2ms (ActiveRecord: 0.0ms | Allocations: 3031)


  
NameError (uninitialized constant ApplicationController::JWT):
  
app/controllers/application_controller.rb:16:in `rescue in decoded_token'
app/controllers/application_controller.rb:14:in `decoded_token'
app/controllers/application_controller.rb:23:in `logged_in_user'
app/controllers/application_controller.rb:30:in `logged_in?'
app/controllers/application_controller.rb:34:in `authorized'
  [1m[36mDrink Load (21.3ms)[0m  [1m[34mSELECT "drinks".* FROM "drinks"[0m
  ↳ app/controllers/drinks_controller.rb:5:in `index'
Completed 200 OK in 24ms (Views: 2.1ms | ActiveRecord: 21.3ms | Allocations: 31995)


Started GET "/persist" for ::1 at 2020-04-29 01:32:31 -0400
Started GET "/drinks" for ::1 at 2020-04-29 01:32:31 -0400
Processing by UsersController#persist as */*
Completed 500 Internal Server Error in 3ms (ActiveRecord: 0.0ms | Allocations: 3031)


Processing by DrinksController#index as */*
  
NameError (uninitialized constant ApplicationController::JWT):
  
app/controllers/application_controller.rb:16:in `rescue in decoded_token'
app/controllers/application_controller.rb:14:in `decoded_token'
app/controllers/application_controller.rb:23:in `logged_in_user'
app/controllers/application_controller.rb:30:in `logged_in?'
app/controllers/application_controller.rb:34:in `authorized'
  [1m[36mDrink Load (27.5ms)[0m  [1m[34mSELECT "drinks".* FROM "drinks"[0m
  ↳ app/controllers/drinks_controller.rb:5:in `index'
Completed 200 OK in 30ms (Views: 2.7ms | ActiveRecord: 27.5ms | Allocations: 31499)


Started GET "/persist" for ::1 at 2020-04-29 01:32:37 -0400
Started GET "/drinks" for ::1 at 2020-04-29 01:32:37 -0400
Processing by DrinksController#index as */*
Processing by UsersController#persist as */*
Completed 500 Internal Server Error in 2ms (ActiveRecord: 0.0ms | Allocations: 3031)


  [1m[36mDrink Load (2.3ms)[0m  [1m[34mSELECT "drinks".* FROM "drinks"[0m
  ↳ app/controllers/drinks_controller.rb:5:in `index'
  
NameError (uninitialized constant ApplicationController::JWT):
  
app/controllers/application_controller.rb:16:in `rescue in decoded_token'
app/controllers/application_controller.rb:14:in `decoded_token'
app/controllers/application_controller.rb:23:in `logged_in_user'
app/controllers/application_controller.rb:30:in `logged_in?'
app/controllers/application_controller.rb:34:in `authorized'
Completed 200 OK in 4ms (Views: 1.8ms | ActiveRecord: 2.3ms | Allocations: 5054)


Started GET "/persist" for ::1 at 2020-04-29 01:32:47 -0400
Started GET "/drinks" for ::1 at 2020-04-29 01:32:47 -0400
Processing by UsersController#persist as */*
Completed 500 Internal Server Error in 2ms (ActiveRecord: 0.0ms | Allocations: 3031)


  
NameError (uninitialized constant ApplicationController::JWT):
  
app/controllers/application_controller.rb:16:in `rescue in decoded_token'
app/controllers/application_controller.rb:14:in `decoded_token'
app/controllers/application_controller.rb:23:in `logged_in_user'
app/controllers/application_controller.rb:30:in `logged_in?'
app/controllers/application_controller.rb:34:in `authorized'
Processing by DrinksController#index as */*
  [1m[36mDrink Load (1.2ms)[0m  [1m[34mSELECT "drinks".* FROM "drinks"[0m
  ↳ app/controllers/drinks_controller.rb:5:in `index'
Completed 200 OK in 4ms (Views: 2.3ms | ActiveRecord: 1.2ms | Allocations: 1532)


Started GET "/persist" for ::1 at 2020-04-29 01:33:03 -0400
Started GET "/drinks" for ::1 at 2020-04-29 01:33:03 -0400
Processing by UsersController#persist as */*
Completed 500 Internal Server Error in 3ms (ActiveRecord: 0.0ms | Allocations: 3031)


Processing by DrinksController#index as */*
  
NameError (uninitialized constant ApplicationController::JWT):
  
app/controllers/application_controller.rb:16:in `rescue in decoded_token'
app/controllers/application_controller.rb:14:in `decoded_token'
app/controllers/application_controller.rb:23:in `logged_in_user'
app/controllers/application_controller.rb:30:in `logged_in?'
app/controllers/application_controller.rb:34:in `authorized'
  [1m[36mDrink Load (30.0ms)[0m  [1m[34mSELECT "drinks".* FROM "drinks"[0m
  ↳ app/controllers/drinks_controller.rb:5:in `index'
Completed 200 OK in 33ms (Views: 2.4ms | ActiveRecord: 30.0ms | Allocations: 31940)


Started GET "/persist" for ::1 at 2020-04-29 01:33:12 -0400
Started GET "/drinks" for ::1 at 2020-04-29 01:33:12 -0400
Processing by UsersController#persist as */*
Processing by DrinksController#index as */*
Completed 500 Internal Server Error in 2ms (ActiveRecord: 0.0ms | Allocations: 3031)


  
NameError (uninitialized constant ApplicationController::JWT):
  
app/controllers/application_controller.rb:16:in `rescue in decoded_token'
app/controllers/application_controller.rb:14:in `decoded_token'
app/controllers/application_controller.rb:23:in `logged_in_user'
app/controllers/application_controller.rb:30:in `logged_in?'
app/controllers/application_controller.rb:34:in `authorized'
  [1m[36mDrink Load (0.6ms)[0m  [1m[34mSELECT "drinks".* FROM "drinks"[0m
  ↳ app/controllers/drinks_controller.rb:5:in `index'
Completed 200 OK in 24ms (Views: 23.6ms | ActiveRecord: 0.6ms | Allocations: 31980)


Started GET "/persist" for ::1 at 2020-04-29 01:33:16 -0400
Started GET "/drinks" for ::1 at 2020-04-29 01:33:16 -0400
Processing by UsersController#persist as */*
Completed 500 Internal Server Error in 2ms (ActiveRecord: 0.0ms | Allocations: 3031)


Processing by DrinksController#index as */*
  
NameError (uninitialized constant ApplicationController::JWT):
  
app/controllers/application_controller.rb:16:in `rescue in decoded_token'
app/controllers/application_controller.rb:14:in `decoded_token'
app/controllers/application_controller.rb:23:in `logged_in_user'
app/controllers/application_controller.rb:30:in `logged_in?'
app/controllers/application_controller.rb:34:in `authorized'
  [1m[36mDrink Load (28.9ms)[0m  [1m[34mSELECT "drinks".* FROM "drinks"[0m
  ↳ app/controllers/drinks_controller.rb:5:in `index'
Completed 200 OK in 31ms (Views: 2.1ms | ActiveRecord: 28.9ms | Allocations: 31494)


Started GET "/persist" for ::1 at 2020-04-29 01:33:43 -0400
Started GET "/drinks" for ::1 at 2020-04-29 01:33:43 -0400
Processing by DrinksController#index as */*
Processing by UsersController#persist as */*
Completed 500 Internal Server Error in 4ms (ActiveRecord: 0.0ms | Allocations: 3031)


  [1m[36mDrink Load (4.5ms)[0m  [1m[34mSELECT "drinks".* FROM "drinks"[0m
  
NameError (uninitialized constant ApplicationController::JWT):
  
app/controllers/application_controller.rb:16:in `rescue in decoded_token'
app/controllers/application_controller.rb:14:in `decoded_token'
app/controllers/application_controller.rb:23:in `logged_in_user'
app/controllers/application_controller.rb:30:in `logged_in?'
app/controllers/application_controller.rb:34:in `authorized'
  ↳ app/controllers/drinks_controller.rb:5:in `index'
Completed 200 OK in 23ms (Views: 17.9ms | ActiveRecord: 4.5ms | Allocations: 35056)


Started GET "/persist" for ::1 at 2020-04-29 01:34:38 -0400
Started GET "/drinks" for ::1 at 2020-04-29 01:34:38 -0400
Processing by UsersController#persist as */*
Completed 500 Internal Server Error in 2ms (ActiveRecord: 0.0ms | Allocations: 3031)


Processing by DrinksController#index as */*
  
NameError (uninitialized constant ApplicationController::JWT):
  
app/controllers/application_controller.rb:16:in `rescue in decoded_token'
app/controllers/application_controller.rb:14:in `decoded_token'
app/controllers/application_controller.rb:23:in `logged_in_user'
app/controllers/application_controller.rb:30:in `logged_in?'
app/controllers/application_controller.rb:34:in `authorized'
  [1m[36mDrink Load (20.1ms)[0m  [1m[34mSELECT "drinks".* FROM "drinks"[0m
  ↳ app/controllers/drinks_controller.rb:5:in `index'
Completed 200 OK in 22ms (Views: 2.2ms | ActiveRecord: 20.1ms | Allocations: 31490)


Started GET "/persist" for ::1 at 2020-04-29 01:34:52 -0400
Started GET "/drinks" for ::1 at 2020-04-29 01:34:52 -0400
Processing by UsersController#persist as */*
Processing by DrinksController#index as */*
Completed 500 Internal Server Error in 3ms (ActiveRecord: 0.0ms | Allocations: 3031)


  
NameError (uninitialized constant ApplicationController::JWT):
  
app/controllers/application_controller.rb:16:in `rescue in decoded_token'
app/controllers/application_controller.rb:14:in `decoded_token'
app/controllers/application_controller.rb:23:in `logged_in_user'
app/controllers/application_controller.rb:30:in `logged_in?'
app/controllers/application_controller.rb:34:in `authorized'
  [1m[36mDrink Load (23.9ms)[0m  [1m[34mSELECT "drinks".* FROM "drinks"[0m
  ↳ app/controllers/drinks_controller.rb:5:in `index'
Completed 200 OK in 26ms (Views: 1.8ms | ActiveRecord: 23.9ms | Allocations: 31985)


Started GET "/persist" for ::1 at 2020-04-29 01:35:21 -0400
Started GET "/drinks" for ::1 at 2020-04-29 01:35:21 -0400
Processing by UsersController#persist as */*
Completed 500 Internal Server Error in 2ms (ActiveRecord: 0.0ms | Allocations: 3031)


  
NameError (uninitialized constant ApplicationController::JWT):
  
app/controllers/application_controller.rb:16:in `rescue in decoded_token'
app/controllers/application_controller.rb:14:in `decoded_token'
app/controllers/application_controller.rb:23:in `logged_in_user'
app/controllers/application_controller.rb:30:in `logged_in?'
app/controllers/application_controller.rb:34:in `authorized'
Processing by DrinksController#index as */*
  [1m[36mDrink Load (0.3ms)[0m  [1m[34mSELECT "drinks".* FROM "drinks"[0m
  ↳ app/controllers/drinks_controller.rb:5:in `index'
Completed 200 OK in 2ms (Views: 1.7ms | ActiveRecord: 0.3ms | Allocations: 1487)


Started GET "/drinks" for ::1 at 2020-04-29 01:48:17 -0400
  [1m[35m (1.8ms)[0m  [1m[34mSELECT "schema_migrations"."version" FROM "schema_migrations" ORDER BY "schema_migrations"."version" ASC[0m
Processing by DrinksController#index as HTML
  [1m[36mDrink Load (1.0ms)[0m  [1m[34mSELECT "drinks".* FROM "drinks"[0m
  ↳ app/controllers/drinks_controller.rb:5:in `index'
No serializer found for resource: #<Drink id: 1, name: "Taro Milk Tea", image: "https://i.imgur.com/JsUXIzO.png", price: 4.25, category: "Milk Tea", created_at: "2020-04-25 15:16:08", updated_at: "2020-04-25 15:16:08">
[active_model_serializers] Rendered ActiveModel::Serializer::CollectionSerializer with Drink::ActiveRecord_Relation (0.63ms)
Completed 200 OK in 27ms (Views: 13.7ms | ActiveRecord: 6.9ms | Allocations: 9719)


Started GET "/drinks" for ::1 at 2020-04-29 01:48:32 -0400
Processing by DrinksController#index as HTML
  [1m[36mDrink Load (0.3ms)[0m  [1m[34mSELECT "drinks".* FROM "drinks"[0m
  ↳ app/controllers/drinks_controller.rb:5:in `index'
[active_model_serializers] Rendered ActiveModel::Serializer::CollectionSerializer with ActiveModelSerializers::Adapter::Attributes (0.91ms)
Completed 200 OK in 34ms (Views: 27.0ms | ActiveRecord: 4.3ms | Allocations: 8662)


Started GET "/persist" for ::1 at 2020-04-29 01:49:19 -0400
Started GET "/drinks" for ::1 at 2020-04-29 01:49:19 -0400
Processing by DrinksController#index as */*
  [1m[36mDrink Load (0.3ms)[0m  [1m[34mSELECT "drinks".* FROM "drinks"[0m
  ↳ app/controllers/drinks_controller.rb:5:in `index'
[active_model_serializers] Rendered ActiveModel::Serializer::CollectionSerializer with ActiveModelSerializers::Adapter::Attributes (0.9ms)
Completed 200 OK in 3ms (Views: 2.4ms | ActiveRecord: 0.3ms | Allocations: 1619)


Processing by UsersController#persist as */*
Completed 500 Internal Server Error in 4ms (ActiveRecord: 0.0ms | Allocations: 3142)


  
NameError (uninitialized constant ApplicationController::JWT):
  
app/controllers/application_controller.rb:16:in `rescue in decoded_token'
app/controllers/application_controller.rb:14:in `decoded_token'
app/controllers/application_controller.rb:23:in `logged_in_user'
app/controllers/application_controller.rb:30:in `logged_in?'
app/controllers/application_controller.rb:34:in `authorized'
Started GET "/persist" for ::1 at 2020-04-29 01:52:21 -0400
Started GET "/drinks" for ::1 at 2020-04-29 01:52:21 -0400
Processing by DrinksController#index as */*
Processing by UsersController#persist as */*
Completed 500 Internal Server Error in 3ms (ActiveRecord: 0.0ms | Allocations: 3133)


  [1m[36mDrink Load (3.3ms)[0m  [1m[34mSELECT "drinks".* FROM "drinks"[0m
  ↳ app/controllers/drinks_controller.rb:5:in `index'
  
NameError (uninitialized constant ApplicationController::JWT):
  
app/controllers/application_controller.rb:16:in `rescue in decoded_token'
app/controllers/application_controller.rb:14:in `decoded_token'
app/controllers/application_controller.rb:23:in `logged_in_user'
app/controllers/application_controller.rb:30:in `logged_in?'
app/controllers/application_controller.rb:34:in `authorized'
[active_model_serializers] Rendered ActiveModel::Serializer::CollectionSerializer with ActiveModelSerializers::Adapter::Attributes (0.65ms)
Completed 200 OK in 34ms (Views: 7.4ms | ActiveRecord: 23.0ms | Allocations: 40938)


